\BOOKMARK [0][-]{chapter*.1}{\376\377\000C\000o\000n\000t\000e\000n\000t\000s}{}% 1
\BOOKMARK [0][-]{chapter.1}{\376\377\000I\000n\000t\000r\000o\000d\000u\000c\000t\000i\000o\000n}{}% 2
\BOOKMARK [1][-]{section.1.1}{\376\377\000I\000n\000t\000r\000o\000d\000u\000c\000t\000i\000o\000n\000\040\000t\000o\000\040\000t\000h\000e\000\040\000J\000o\000b\000\040\000S\000h\000o\000p\000\040\000P\000r\000o\000b\000l\000e\000m\000\040\000\050\000J\000S\000P\000\051}{chapter.1}% 3
\BOOKMARK [1][-]{section.1.2}{\376\377\000M\000a\000t\000h\000e\000m\000a\000t\000i\000c\000a\000l\000\040\000r\000e\000p\000r\000e\000s\000e\000n\000t\000a\000t\000i\000o\000n\000,\000\040\000t\000h\000e\000\040\000M\000a\000r\000k\000o\000v\000\040\000D\000e\000c\000i\000s\000i\000o\000n\000\040\000P\000r\000o\000c\000e\000s\000s\000\040\000\050\000M\000D\000P\000\051}{chapter.1}% 4
\BOOKMARK [2][-]{subsection.1.2.1}{\376\377\000H\000o\000w\000\040\000t\000o\000\040\000r\000e\000p\000r\000e\000s\000e\000n\000t\000\040\000t\000h\000e\000\040\000J\000o\000b\000\040\000S\000h\000o\000p\000\040\000P\000r\000o\000b\000l\000e\000m\000\040\000a\000s\000\040\000a\000\040\000M\000a\000r\000k\000o\000v\000\040\000D\000e\000c\000i\000s\000i\000o\000n\000\040\000P\000r\000o\000c\000e\000s\000s}{section.1.2}% 5
\BOOKMARK [1][-]{section.1.3}{\376\377\000T\000h\000e\000s\000i\000s\000\040\000s\000t\000r\000u\000c\000t\000u\000r\000e}{chapter.1}% 6
\BOOKMARK [0][-]{chapter.2}{\376\377\000B\000a\000c\000k\000g\000r\000o\000u\000n\000d}{}% 7
\BOOKMARK [1][-]{section.2.1}{\376\377\000G\000r\000a\000p\000h\000\040\000C\000o\000n\000v\000o\000l\000u\000t\000i\000o\000n\000a\000l\000\040\000N\000e\000t\000w\000o\000r\000k\000\040\000\050\000G\000C\000N\000\051}{chapter.2}% 8
\BOOKMARK [1][-]{section.2.2}{\376\377\000L\000o\000n\000g\000-\000S\000h\000o\000r\000t\000\040\000T\000e\000r\000m\000\040\000M\000e\000m\000o\000r\000y\000\040\000\050\000L\000S\000T\000M\000\051}{chapter.2}% 9
\BOOKMARK [1][-]{section.2.3}{\376\377\000P\000o\000i\000n\000t\000e\000r\000\040\000n\000e\000t\000w\000o\000r\000k}{chapter.2}% 10
\BOOKMARK [1][-]{section.2.4}{\376\377\000D\000e\000e\000p\000\040\000R\000e\000i\000n\000f\000o\000r\000c\000e\000m\000e\000n\000t\000\040\000L\000e\000a\000r\000n\000i\000n\000g}{chapter.2}% 11
\BOOKMARK [0][-]{chapter.3}{\376\377\000M\000e\000t\000h\000o\000d\000s\000\040\000a\000p\000p\000l\000i\000e\000d}{}% 12
\BOOKMARK [1][-]{section.3.1}{\376\377\000D\000a\000t\000a}{chapter.3}% 13
\BOOKMARK [2][-]{subsection.3.1.1}{\376\377\000R\000e\000p\000r\000e\000s\000e\000n\000t\000a\000t\000i\000o\000n\000\040\000o\000f\000\040\000t\000h\000e\000\040\000d\000a\000t\000a\000\040\000i\000n\000\040\000t\000h\000e\000\040\000a\000r\000t\000i\000c\000l\000e}{section.3.1}% 14
\BOOKMARK [2][-]{subsection.3.1.2}{\376\377\000R\000e\000p\000r\000e\000s\000e\000n\000t\000a\000t\000i\000o\000n\000\040\000o\000f\000\040\000d\000a\000t\000a\000\040\000i\000n\000\040\000t\000h\000e\000\040\000g\000r\000a\000p\000h\000\040\000m\000o\000d\000e\000l}{section.3.1}% 15
\BOOKMARK [1][-]{section.3.2}{\376\377\000A\000r\000c\000h\000i\000t\000e\000c\000t\000u\000r\000e\000\040\000o\000f\000\040\000t\000h\000e\000\040\000m\000a\000t\000r\000i\000x\000\040\000m\000o\000d\000e\000l}{chapter.3}% 16
\BOOKMARK [2][-]{subsection.3.2.1}{\376\377\000E\000n\000c\000o\000d\000e\000r}{section.3.2}% 17
\BOOKMARK [2][-]{subsection.3.2.2}{\376\377\000D\000e\000c\000o\000d\000e\000r}{section.3.2}% 18
\BOOKMARK [1][-]{section.3.3}{\376\377\000A\000r\000c\000h\000i\000t\000e\000c\000t\000u\000r\000e\000\040\000o\000f\000\040\000t\000h\000e\000\040\000g\000r\000a\000p\000h\000\040\000m\000o\000d\000e\000l}{chapter.3}% 19
\BOOKMARK [2][-]{subsection.3.3.1}{\376\377\000T\000r\000a\000n\000s\000f\000o\000r\000m\000a\000t\000i\000o\000n\000\040\000f\000r\000o\000m\000\040\000g\000r\000a\000p\000h\000\040\000t\000o\000\040\000m\000a\000t\000r\000i\000x}{section.3.3}% 20
\BOOKMARK [1][-]{section.3.4}{\376\377\000T\000r\000a\000i\000n\000i\000n\000g\000\040\000o\000f\000\040\000t\000h\000e\000\040\000n\000e\000u\000r\000a\000l\000\040\000n\000e\000t\000w\000o\000r\000k\000s}{chapter.3}% 21
\BOOKMARK [0][-]{chapter.4}{\376\377\000R\000e\000s\000u\000l\000t\000s\000\040\000a\000n\000d\000\040\000c\000o\000m\000p\000a\000r\000i\000s\000o\000n}{}% 22
\BOOKMARK [1][-]{section.4.1}{\376\377\0006\0006\000\040\000J\000S\000P}{chapter.4}% 23
\BOOKMARK [1][-]{section.4.2}{\376\377\000n\000m\000\040\000J\000S\000P}{chapter.4}% 24
\BOOKMARK [1][-]{section.4.3}{\376\377\000P\000o\000s\000s\000i\000b\000l\000e\000\040\000e\000x\000p\000l\000a\000n\000a\000t\000i\000o\000n\000\040\000o\000f\000\040\000t\000h\000e\000\040\000p\000e\000r\000f\000o\000r\000m\000a\000n\000c\000e\000\040\000o\000f\000\040\000t\000h\000e\000\040\000m\000o\000d\000e\000l}{chapter.4}% 25
\BOOKMARK [1][-]{section.4.4}{\376\377\000F\000u\000t\000u\000r\000e\000\040\000w\000o\000r\000k\000s}{chapter.4}% 26
\BOOKMARK [0][-]{appendix*.17}{\376\377\000G\000l\000o\000s\000s\000a\000r\000y}{}% 27
\BOOKMARK [0][-]{appendix*.22}{\376\377\000A\000c\000r\000o\000n\000y\000m}{}% 28
\BOOKMARK [0][-]{appendix.A}{\376\377\000R\000i\000n\000g\000r\000a\000z\000i\000a\000m\000e\000n\000t\000i}{}% 29
